<?xml version="1.0" encoding="UTF-8"?>
<testsuite xmlns:xsi="http://www.w3.org/2001/XMLSchema-instance" xsi:noNamespaceSchemaLocation="https://maven.apache.org/surefire/maven-surefire-plugin/xsd/surefire-test-report.xsd" version="3.0.2" name="com.utiliy.ILIS.modules.dashboard.controller.DashboardControllerTest" time="0.047" tests="2" errors="0" skipped="0" failures="0" flakes="0">
  <properties>
[...]
</properties>
  <testcase name="testGetMetricsEndpoint" classname="com.utiliy.ILIS.modules.dashboard.controller.DashboardControllerTest" time="0.037">
    <system-out><![CDATA[02:32:13.444 [main] INFO org.springframework.validation.beanvalidation.OptionalValidatorFactoryBean -- Failed to set up a Bean Validation provider: jakarta.validation.NoProviderFoundException: Unable to create a Configuration, because no Jakarta Validation provider could be found. Add a provider like Hibernate Validator (RI) to your classpath.
02:32:13.448 [main] INFO org.springframework.mock.web.MockServletContext -- Initializing Spring TestDispatcherServlet ''
02:32:13.448 [main] INFO org.springframework.test.web.servlet.TestDispatcherServlet -- Initializing Servlet ''
02:32:13.449 [main] INFO org.springframework.test.web.servlet.TestDispatcherServlet -- Completed initialization in 1 ms
]]></system-out>
  </testcase>
  <testcase name="testGetTimeSeriesEndpoint" classname="com.utiliy.ILIS.modules.dashboard.controller.DashboardControllerTest" time="0.01">
    <system-out><![CDATA[02:32:13.465 [main] INFO org.springframework.validation.beanvalidation.OptionalValidatorFactoryBean -- Failed to set up a Bean Validation provider: jakarta.validation.NoProviderFoundException: Unable to create a Configuration, because no Jakarta Validation provider could be found. Add a provider like Hibernate Validator (RI) to your classpath.
02:32:13.468 [main] INFO org.springframework.mock.web.MockServletContext -- Initializing Spring TestDispatcherServlet ''
02:32:13.468 [main] INFO org.springframework.test.web.servlet.TestDispatcherServlet -- Initializing Servlet ''
02:32:13.468 [main] INFO org.springframework.test.web.servlet.TestDispatcherServlet -- Completed initialization in 0 ms
]]></system-out>
  </testcase>
</testsuite>